<?xml version="1.0" encoding="UTF-8"?>
<!-- Generated by org.testng.reporters.JUnitReportReporter -->
<testsuite skipped="0" hostname="khadizarahman" name="com.TestNGScripts.MouseOverDemo" tests="1" failures="0" timestamp="19 Apr 2021 23:05:23 GMT" time="10.404" errors="0">
  <testcase name="dragandDropmethod" time="10.404" classname="com.TestNGScripts.MouseOverDemo"/>
</testsuite> <!-- com.TestNGScripts.MouseOverDemo -->
