<?xml version="1.0" encoding="UTF-8"?>
<!-- Generated by org.testng.reporters.JUnitReportReporter -->
<testsuite skipped="0" hostname="khadizarahman" name="com.TestNGScripts.WikiTestCase" tests="2" failures="0" timestamp="17 Apr 2021 22:25:20 GMT" time="11.619" errors="0">
  <testcase name="createAccount" time="10.473" classname="com.TestNGScripts.WikiTestCase"/>
  <testcase name="MainPage" time="1.146" classname="com.TestNGScripts.WikiTestCase"/>
</testsuite> <!-- com.TestNGScripts.WikiTestCase -->
