<?xml version="1.0" encoding="UTF-8"?>
<!-- Generated by org.testng.reporters.JUnitReportReporter -->
<testsuite skipped="1" hostname="khadizarahman" name="com.TestNGScripts.ParameterizationwithExcel" tests="1" failures="0" timestamp="19 Apr 2021 00:12:05 GMT" time="0.000" errors="0">
  <testcase name="wikipagedata" time="0.000" classname="com.TestNGScripts.ParameterizationwithExcel">
    <skipped/>
  </testcase> <!-- wikipagedata -->
</testsuite> <!-- com.TestNGScripts.ParameterizationwithExcel -->
