<?xml version="1.0" encoding="UTF-8"?>
<!-- Generated by org.testng.reporters.JUnitReportReporter -->
<testsuite skipped="0" hostname="khadizarahman" name="com.TestNGScripts.AnnotationsTestNG" tests="3" failures="0" timestamp="17 Apr 2021 22:25:20 GMT" time="0.013" errors="0">
  <testcase name="createCust" time="0.005" classname="com.TestNGScripts.AnnotationsTestNG"/>
  <testcase name="searchCust" time="0.002" classname="com.TestNGScripts.AnnotationsTestNG"/>
  <testcase name="deleteCust" time="0.006" classname="com.TestNGScripts.AnnotationsTestNG"/>
</testsuite> <!-- com.TestNGScripts.AnnotationsTestNG -->
