<?xml version="1.0" encoding="UTF-8"?>
<!-- Generated by org.testng.reporters.JUnitReportReporter -->
<testsuite skipped="0" hostname="khadizarahman" name="com.TestNGScripts.ParametarizationwithXML" tests="2" failures="0" timestamp="18 Apr 2021 19:36:05 GMT" time="10.601" errors="0">
  <testcase name="createAccount" time="5.294" classname="com.TestNGScripts.ParametarizationwithXML"/>
  <testcase name="createAccount" time="5.307" classname="com.TestNGScripts.ParametarizationwithXML"/>
</testsuite> <!-- com.TestNGScripts.ParametarizationwithXML -->
