<?xml version="1.0" encoding="UTF-8"?>
<!-- Generated by org.testng.reporters.JUnitReportReporter -->
<testsuite skipped="0" hostname="khadizarahman" name="com.TestNGScripts.KeyEvents" tests="1" failures="0" timestamp="19 Apr 2021 23:33:21 GMT" time="20.826" errors="0">
  <testcase name="Keyevenetsmethod" time="20.826" classname="com.TestNGScripts.KeyEvents"/>
</testsuite> <!-- com.TestNGScripts.KeyEvents -->
